<?xml version="1.0" encoding="UTF-8"?>
<!-- Generated by org.testng.reporters.JUnitReportReporter -->
<testsuite skipped="0" hostname="DESKTOP-37QOBBH" name="com.magnus.day25.TestNGDEMO" tests="1" failures="0" timestamp="2022-03-18T13:16:46 CDT" time="0.005" errors="0">
  <testcase name="Demo2" time="0.005" classname="com.magnus.day25.TestNGDEMO"/>
  <system-out/>
</testsuite> <!-- com.magnus.day25.TestNGDEMO -->
