<?xml version="1.0" encoding="UTF-8"?>
<!-- Generated by org.testng.reporters.JUnitReportReporter -->
<testsuite skipped="0" hostname="DESKTOP-37QOBBH" name="com.magnus.day28.AssertDemo" tests="2" failures="0" timestamp="2022-03-19T18:22:44 CDT" time="0.933" errors="0">
  <testcase name="verifyinvestmentlnk" time="0.298" classname="com.magnus.day28.AssertDemo"/>
  <system-out/>
  <testcase name="verifyHomelendinglnk" time="0.635" classname="com.magnus.day28.AssertDemo"/>
  <system-out/>
</testsuite> <!-- com.magnus.day28.AssertDemo -->
